<?xml version="1.0" encoding="UTF-8"?>
<!-- Generated by org.testng.reporters.JUnitXMLReporter -->
<testsuite ignored="0" hostname="Thaliath" failures="0" tests="3" name="Default test" time="11.869" errors="0" timestamp="2023-09-29T22:52:05 IST">
  <testcase classname="qa.lt.test.Logout_TC" name="admin_logout" time="1.288"/>
  <testcase classname="qa.lt.test.Logout_TC" name="trainer_logout" time="0.865"/>
  <testcase classname="qa.lt.test.Logout_TC" name="pofficer_logout" time="0.826"/>
</testsuite> <!-- Default test -->
