<?xml version="1.0" encoding="UTF-8"?>
<testng-results ignored="0" total="3" passed="3" failed="0" skipped="0">
  <reporter-output>
  </reporter-output>
  <suite started-at="2023-09-29T22:51:53 IST" name="Default suite" finished-at="2023-09-29T22:52:05 IST" duration-ms="11869">
    <groups>
    </groups>
    <test started-at="2023-09-29T22:51:53 IST" name="Default test" finished-at="2023-09-29T22:52:05 IST" duration-ms="11869">
      <class name="qa.lt.test.Logout_TC">
        <test-method is-config="true" signature="init()[pri:0, instance:qa.lt.test.Logout_TC@1aafa419]" started-at="2023-09-29T22:51:53 IST" name="init" finished-at="2023-09-29T22:51:58 IST" duration-ms="4746" status="PASS">
          <reporter-output>
          </reporter-output>
        </test-method> <!-- init -->
        <test-method is-config="true" signature="tearup()[pri:0, instance:qa.lt.test.Logout_TC@1aafa419]" started-at="2023-09-29T22:51:58 IST" name="tearup" finished-at="2023-09-29T22:51:58 IST" duration-ms="14" status="PASS">
          <reporter-output>
          </reporter-output>
        </test-method> <!-- tearup -->
        <test-method signature="admin_logout()[pri:1, instance:qa.lt.test.Logout_TC@1aafa419]" started-at="2023-09-29T22:51:58 IST" name="admin_logout" finished-at="2023-09-29T22:51:59 IST" duration-ms="1288" status="PASS">
          <reporter-output>
          </reporter-output>
        </test-method> <!-- admin_logout -->
        <test-method is-config="true" signature="init()[pri:0, instance:qa.lt.test.Logout_TC@1aafa419]" started-at="2023-09-29T22:51:59 IST" name="init" finished-at="2023-09-29T22:52:01 IST" duration-ms="1911" status="PASS">
          <reporter-output>
          </reporter-output>
        </test-method> <!-- init -->
        <test-method is-config="true" signature="tearup()[pri:0, instance:qa.lt.test.Logout_TC@1aafa419]" started-at="2023-09-29T22:52:01 IST" name="tearup" finished-at="2023-09-29T22:52:01 IST" duration-ms="1" status="PASS">
          <reporter-output>
          </reporter-output>
        </test-method> <!-- tearup -->
        <test-method signature="trainer_logout()[pri:2, instance:qa.lt.test.Logout_TC@1aafa419]" started-at="2023-09-29T22:52:01 IST" name="trainer_logout" finished-at="2023-09-29T22:52:02 IST" duration-ms="865" status="PASS">
          <reporter-output>
          </reporter-output>
        </test-method> <!-- trainer_logout -->
        <test-method is-config="true" signature="init()[pri:0, instance:qa.lt.test.Logout_TC@1aafa419]" started-at="2023-09-29T22:52:02 IST" name="init" finished-at="2023-09-29T22:52:04 IST" duration-ms="2172" status="PASS">
          <reporter-output>
          </reporter-output>
        </test-method> <!-- init -->
        <test-method is-config="true" signature="tearup()[pri:0, instance:qa.lt.test.Logout_TC@1aafa419]" started-at="2023-09-29T22:52:04 IST" name="tearup" finished-at="2023-09-29T22:52:04 IST" duration-ms="4" status="PASS">
          <reporter-output>
          </reporter-output>
        </test-method> <!-- tearup -->
        <test-method signature="pofficer_logout()[pri:3, instance:qa.lt.test.Logout_TC@1aafa419]" started-at="2023-09-29T22:52:04 IST" name="pofficer_logout" finished-at="2023-09-29T22:52:05 IST" duration-ms="826" status="PASS">
          <reporter-output>
          </reporter-output>
        </test-method> <!-- pofficer_logout -->
      </class> <!-- qa.lt.test.Logout_TC -->
    </test> <!-- Default test -->
  </suite> <!-- Default suite -->
</testng-results>
